[debug] [2021-02-22T00:54:18.918Z] ----------------------------------------------------------------------
[debug] [2021-02-22T00:54:18.920Z] Command:       /usr/local/bin/node /usr/local/bin/firebase deploy
[debug] [2021-02-22T00:54:18.920Z] CLI Version:   9.4.0
[debug] [2021-02-22T00:54:18.920Z] Platform:      darwin
[debug] [2021-02-22T00:54:18.920Z] Node Version:  v12.12.0
[debug] [2021-02-22T00:54:18.921Z] Time:          Sun Feb 21 2021 16:54:18 GMT-0800 (Pacific Standard Time)
[debug] [2021-02-22T00:54:18.921Z] ----------------------------------------------------------------------
[debug] [2021-02-22T00:54:18.921Z] 
[debug] [2021-02-22T00:54:18.931Z] > command requires scopes: ["email","openid","https://www.googleapis.com/auth/cloudplatformprojects.readonly","https://www.googleapis.com/auth/firebase","https://www.googleapis.com/auth/cloud-platform"]
[debug] [2021-02-22T00:54:18.931Z] > authorizing via signed-in user
[debug] [2021-02-22T00:54:18.931Z] [iam] checking project woof-95250 for permissions ["cloudfunctions.functions.create","cloudfunctions.functions.delete","cloudfunctions.functions.get","cloudfunctions.functions.list","cloudfunctions.functions.update","cloudfunctions.operations.get","firebase.projects.get"]
[debug] [2021-02-22T00:54:18.933Z] >>> HTTP REQUEST POST https://cloudresourcemanager.googleapis.com/v1/projects/woof-95250:testIamPermissions  
 {"permissions":["cloudfunctions.functions.create","cloudfunctions.functions.delete","cloudfunctions.functions.get","cloudfunctions.functions.list","cloudfunctions.functions.update","cloudfunctions.operations.get","firebase.projects.get"]}
[debug] [2021-02-22T00:54:19.187Z] <<< HTTP RESPONSE 200 {"content-type":"application/json; charset=UTF-8","vary":"X-Origin, Referer, Origin,Accept-Encoding","date":"Mon, 22 Feb 2021 00:54:19 GMT","server":"ESF","cache-control":"private","x-xss-protection":"0","x-frame-options":"SAMEORIGIN","x-content-type-options":"nosniff","server-timing":"gfet4t7; dur=56","alt-svc":"h3-29=\":443\"; ma=2592000,h3-T051=\":443\"; ma=2592000,h3-Q050=\":443\"; ma=2592000,h3-Q046=\":443\"; ma=2592000,h3-Q043=\":443\"; ma=2592000,quic=\":443\"; ma=2592000; v=\"46,43\"","accept-ranges":"none","transfer-encoding":"chunked"}
[debug] [2021-02-22T00:54:19.188Z] >>> HTTP REQUEST POST https://iam.googleapis.com/v1/projects/woof-95250/serviceAccounts/woof-95250@appspot.gserviceaccount.com:testIamPermissions  
 {"permissions":["iam.serviceAccounts.actAs"]}
[debug] [2021-02-22T00:54:19.411Z] <<< HTTP RESPONSE 200 {"content-type":"application/json; charset=UTF-8","vary":"X-Origin, Referer, Origin,Accept-Encoding","date":"Mon, 22 Feb 2021 00:54:19 GMT","server":"ESF","cache-control":"private","x-xss-protection":"0","x-frame-options":"SAMEORIGIN","x-content-type-options":"nosniff","alt-svc":"h3-29=\":443\"; ma=2592000,h3-T051=\":443\"; ma=2592000,h3-Q050=\":443\"; ma=2592000,h3-Q046=\":443\"; ma=2592000,h3-Q043=\":443\"; ma=2592000,quic=\":443\"; ma=2592000; v=\"46,43\"","accept-ranges":"none","transfer-encoding":"chunked"}
[info] 
[info] === Deploying to 'woof-95250'...
[info] 
[info] i  deploying functions 
[info] i  functions: ensuring required API cloudfunctions.googleapis.com is enabled... 
[info] i  functions: ensuring required API cloudbuild.googleapis.com is enabled... 
[debug] [2021-02-22T00:54:22.760Z] >>> HTTP REQUEST GET https://serviceusage.googleapis.com/v1/projects/woof-95250/services/cloudfunctions.googleapis.com  
 
[debug] [2021-02-22T00:54:22.760Z] >>> HTTP REQUEST GET https://serviceusage.googleapis.com/v1/projects/woof-95250/services/runtimeconfig.googleapis.com  
 
[debug] [2021-02-22T00:54:22.761Z] >>> HTTP REQUEST GET https://serviceusage.googleapis.com/v1/projects/woof-95250/services/cloudbuild.googleapis.com  
 
[debug] [2021-02-22T00:54:23.345Z] <<< HTTP RESPONSE 200 {"content-type":"application/json; charset=UTF-8","vary":"X-Origin, Referer, Origin,Accept-Encoding","date":"Mon, 22 Feb 2021 00:54:23 GMT","server":"ESF","cache-control":"private","x-xss-protection":"0","x-frame-options":"SAMEORIGIN","x-content-type-options":"nosniff","alt-svc":"h3-29=\":443\"; ma=2592000,h3-T051=\":443\"; ma=2592000,h3-Q050=\":443\"; ma=2592000,h3-Q046=\":443\"; ma=2592000,h3-Q043=\":443\"; ma=2592000,quic=\":443\"; ma=2592000; v=\"46,43\"","accept-ranges":"none","transfer-encoding":"chunked"}
[info] ✔  functions: required API cloudbuild.googleapis.com is enabled 
[debug] [2021-02-22T00:54:23.381Z] <<< HTTP RESPONSE 200 {"content-type":"application/json; charset=UTF-8","vary":"X-Origin, Referer, Origin,Accept-Encoding","date":"Mon, 22 Feb 2021 00:54:23 GMT","server":"ESF","cache-control":"private","x-xss-protection":"0","x-frame-options":"SAMEORIGIN","x-content-type-options":"nosniff","alt-svc":"h3-29=\":443\"; ma=2592000,h3-T051=\":443\"; ma=2592000,h3-Q050=\":443\"; ma=2592000,h3-Q046=\":443\"; ma=2592000,h3-Q043=\":443\"; ma=2592000,quic=\":443\"; ma=2592000; v=\"46,43\"","accept-ranges":"none","transfer-encoding":"chunked"}
[info] ✔  functions: required API cloudfunctions.googleapis.com is enabled 
[debug] [2021-02-22T00:54:23.409Z] <<< HTTP RESPONSE 200 {"content-type":"application/json; charset=UTF-8","vary":"X-Origin, Referer, Origin,Accept-Encoding","date":"Mon, 22 Feb 2021 00:54:23 GMT","server":"ESF","cache-control":"private","x-xss-protection":"0","x-frame-options":"SAMEORIGIN","x-content-type-options":"nosniff","alt-svc":"h3-29=\":443\"; ma=2592000,h3-T051=\":443\"; ma=2592000,h3-Q050=\":443\"; ma=2592000,h3-Q046=\":443\"; ma=2592000,h3-Q043=\":443\"; ma=2592000,quic=\":443\"; ma=2592000; v=\"46,43\"","accept-ranges":"none","transfer-encoding":"chunked"}
[debug] [2021-02-22T00:54:23.410Z] >>> HTTP REQUEST GET https://firebase.googleapis.com/v1beta1/projects/woof-95250/adminSdkConfig  
 
[debug] [2021-02-22T00:54:23.728Z] <<< HTTP RESPONSE 200 {"content-type":"application/json; charset=UTF-8","vary":"X-Origin, Referer, Origin,Accept-Encoding","date":"Mon, 22 Feb 2021 00:54:23 GMT","server":"ESF","cache-control":"private","x-xss-protection":"0","x-frame-options":"SAMEORIGIN","x-content-type-options":"nosniff","alt-svc":"h3-29=\":443\"; ma=2592000,h3-T051=\":443\"; ma=2592000,h3-Q050=\":443\"; ma=2592000,h3-Q046=\":443\"; ma=2592000,h3-Q043=\":443\"; ma=2592000,quic=\":443\"; ma=2592000; v=\"46,43\"","accept-ranges":"none","transfer-encoding":"chunked"}
[info] i  functions: preparing functions directory for uploading... 
[debug] [2021-02-22T00:54:23.729Z] >>> HTTP REQUEST GET https://runtimeconfig.googleapis.com/v1beta1/projects/woof-95250/configs  
 
[debug] [2021-02-22T00:54:24.058Z] <<< HTTP RESPONSE 200 {"content-type":"application/json; charset=UTF-8","vary":"X-Origin, Referer, Origin,Accept-Encoding","date":"Mon, 22 Feb 2021 00:54:24 GMT","server":"ESF","cache-control":"private","x-xss-protection":"0","x-frame-options":"SAMEORIGIN","x-content-type-options":"nosniff","alt-svc":"h3-29=\":443\"; ma=2592000,h3-T051=\":443\"; ma=2592000,h3-Q050=\":443\"; ma=2592000,h3-Q046=\":443\"; ma=2592000,h3-Q043=\":443\"; ma=2592000,quic=\":443\"; ma=2592000; v=\"46,43\"","accept-ranges":"none","transfer-encoding":"chunked"}
[debug] [2021-02-22T00:54:24.059Z] >>> HTTP REQUEST GET https://runtimeconfig.googleapis.com/v1beta1/projects/woof-95250/configs/algolia/variables  
 
[debug] [2021-02-22T00:54:24.496Z] <<< HTTP RESPONSE 200 {"content-type":"application/json; charset=UTF-8","vary":"X-Origin, Referer, Origin,Accept-Encoding","date":"Mon, 22 Feb 2021 00:54:24 GMT","server":"ESF","cache-control":"private","x-xss-protection":"0","x-frame-options":"SAMEORIGIN","x-content-type-options":"nosniff","alt-svc":"h3-29=\":443\"; ma=2592000,h3-T051=\":443\"; ma=2592000,h3-Q050=\":443\"; ma=2592000,h3-Q046=\":443\"; ma=2592000,h3-Q043=\":443\"; ma=2592000,quic=\":443\"; ma=2592000; v=\"46,43\"","accept-ranges":"none","transfer-encoding":"chunked"}
[debug] [2021-02-22T00:54:24.497Z] >>> HTTP REQUEST GET https://runtimeconfig.googleapis.com/v1beta1/projects/woof-95250/configs/algolia/variables/app_id  
 
[debug] [2021-02-22T00:54:24.497Z] >>> HTTP REQUEST GET https://runtimeconfig.googleapis.com/v1beta1/projects/woof-95250/configs/algolia/variables/api_key  
 
[debug] [2021-02-22T00:54:24.721Z] <<< HTTP RESPONSE 200 {"content-type":"application/json; charset=UTF-8","vary":"X-Origin, Referer, Origin,Accept-Encoding","date":"Mon, 22 Feb 2021 00:54:24 GMT","server":"ESF","cache-control":"private","x-xss-protection":"0","x-frame-options":"SAMEORIGIN","x-content-type-options":"nosniff","alt-svc":"h3-29=\":443\"; ma=2592000,h3-T051=\":443\"; ma=2592000,h3-Q050=\":443\"; ma=2592000,h3-Q046=\":443\"; ma=2592000,h3-Q043=\":443\"; ma=2592000,quic=\":443\"; ma=2592000; v=\"46,43\"","accept-ranges":"none","transfer-encoding":"chunked"}
[debug] [2021-02-22T00:54:24.723Z] <<< HTTP RESPONSE 200 {"content-type":"application/json; charset=UTF-8","vary":"X-Origin, Referer, Origin,Accept-Encoding","date":"Mon, 22 Feb 2021 00:54:24 GMT","server":"ESF","cache-control":"private","x-xss-protection":"0","x-frame-options":"SAMEORIGIN","x-content-type-options":"nosniff","alt-svc":"h3-29=\":443\"; ma=2592000,h3-T051=\":443\"; ma=2592000,h3-Q050=\":443\"; ma=2592000,h3-Q046=\":443\"; ma=2592000,h3-Q043=\":443\"; ma=2592000,quic=\":443\"; ma=2592000; v=\"46,43\"","accept-ranges":"none","transfer-encoding":"chunked"}
[info] i  functions: packaged functions (35.15 KB) for uploading 
[debug] [2021-02-22T00:54:24.909Z] > [functions] package.json contents: {
  "name": "functions",
  "description": "Cloud Functions for Firebase",
  "scripts": {
    "serve": "firebase serve --only functions",
    "shell": "firebase functions:shell",
    "start": "npm run shell",
    "deploy": "firebase deploy --only functions",
    "logs": "firebase functions:log"
  },
  "engines": {
    "node": "10"
  },
  "dependencies": {
    "algoliasearch": "^4.8.5",
    "firebase": "^8.2.9",
    "firebase-admin": "^8.6.0",
    "firebase-functions": "^3.3.0"
  },
  "devDependencies": {
    "firebase-functions-test": "^0.1.6"
  },
  "private": true
}
[debug] [2021-02-22T00:54:24.910Z] >>> HTTP REQUEST GET https://cloudfunctions.googleapis.com/v1/projects/woof-95250/locations/-/functions  
 
[debug] [2021-02-22T00:54:25.530Z] <<< HTTP RESPONSE 200 {"content-type":"application/json; charset=UTF-8","vary":"X-Origin, Referer, Origin,Accept-Encoding","date":"Mon, 22 Feb 2021 00:54:25 GMT","server":"ESF","cache-control":"private","x-xss-protection":"0","x-frame-options":"SAMEORIGIN","x-content-type-options":"nosniff","alt-svc":"h3-29=\":443\"; ma=2592000,h3-T051=\":443\"; ma=2592000,h3-Q050=\":443\"; ma=2592000,h3-Q046=\":443\"; ma=2592000,h3-Q043=\":443\"; ma=2592000,quic=\":443\"; ma=2592000; v=\"46,43\"","accept-ranges":"none","transfer-encoding":"chunked"}
[debug] [2021-02-22T00:54:25.531Z] >>> HTTP REQUEST POST https://cloudfunctions.googleapis.com/v1/projects/woof-95250/locations/us-central1/functions:generateUploadUrl  
 
[debug] [2021-02-22T00:54:26.189Z] <<< HTTP RESPONSE 200 {"content-type":"application/json; charset=UTF-8","vary":"X-Origin, Referer, Origin,Accept-Encoding","date":"Mon, 22 Feb 2021 00:54:26 GMT","server":"ESF","cache-control":"private","x-xss-protection":"0","x-frame-options":"SAMEORIGIN","x-content-type-options":"nosniff","alt-svc":"h3-29=\":443\"; ma=2592000,h3-T051=\":443\"; ma=2592000,h3-Q050=\":443\"; ma=2592000,h3-Q046=\":443\"; ma=2592000,h3-Q043=\":443\"; ma=2592000,quic=\":443\"; ma=2592000; v=\"46,43\"","accept-ranges":"none","transfer-encoding":"chunked"}
[debug] [2021-02-22T00:54:26.190Z] >>> HTTP REQUEST PUT https://storage.googleapis.com/gcf-upload-us-central1-1b062084-540e-43e0-aa8b-afe832919d16/4078ccf1-580c-44dd-b4aa-57e25f55c5fc.zip?GoogleAccessId=service-343609887148@gcf-admin-robot.iam.gserviceaccount.com&Expires=1613957066&Signature=Q6CTvR%2Fbv7mesqFpYDWioiDFyk7msr6FaoXlHPykkw8x8lhB5E4NsLbXDstyEbAf%2FkjGSYk9TxKAJ4sBuQnzEP3pT97%2FHKfi%2F%2F90qausj8RWvPouxy52EB%2FFhyLKV2PH2vsZEvAmSQ2keo49m1bfGUl73cDhJLHVWJUuRSsLxcBb62vUurNQq2nkCdC%2By2F2Mi62FramSrSAe9ce9n5epOl5BiUDbvcnzcoWee9z4AKCaPVYftBahi%2FWLfv876R0reg0tvnFhB559%2B%2BaxK9IBHbvK81zgbzVoxB0RAd3%2Bd9WUg1%2B%2FDkk6fvmlwYp3VavcLwK8M5TFjSmehHgh56BqA%3D%3D  
 <request body omitted>
[debug] [2021-02-22T00:54:27.029Z] <<< HTTP RESPONSE 200 {"x-guploader-uploadid":"ABg5-UzCof92wUMHL8ZKyiLZvnb_btpQXAhOWuyT1RsUCmfWMGum9t14l-HnZkAPZtNxycQMvNaI_m15dIIFVY_ltHYJYUtc0Q","etag":"\"c19f00917bb334a02a9ddad3e8fcbb5e\"","x-goog-generation":"1613955266801188","x-goog-metageneration":"1","x-goog-hash":"crc32c=zrqlgg==, md5=wZ8AkXuzNKAqndrT6Py7Xg==","x-goog-stored-content-length":"35995","x-goog-stored-content-encoding":"identity","vary":"Origin","content-length":"0","date":"Mon, 22 Feb 2021 00:54:26 GMT","server":"UploadServer","content-type":"text/html; charset=UTF-8","alt-svc":"h3-29=\":443\"; ma=2592000,h3-T051=\":443\"; ma=2592000,h3-Q050=\":443\"; ma=2592000,h3-Q046=\":443\"; ma=2592000,h3-Q043=\":443\"; ma=2592000,quic=\":443\"; ma=2592000; v=\"46,43\""}
[info] ✔  functions: functions folder uploaded successfully 
[info] 
The following functions are found in your project but do not exist in your local source code:
	addChatsFirestoreDataToAlgolia(us-central1)
	addPostToIndex(us-central1)
	indexentry(us-central1)
	onCommentCreated(us-central1)

If you are renaming a function or changing its region, it is recommended that you create the new function first before deleting the old one to prevent event loss. For more info, visit https://firebase.google.com/docs/functions/manage-functions#modify

[info] i  functions: continuing with other deployments. 
[info] i  functions: updating Node.js 10 function addToIndex(us-central1)... 
[debug] [2021-02-22T00:57:35.968Z] >>> HTTP REQUEST PATCH https://cloudfunctions.googleapis.com/v1/projects/woof-95250/locations/us-central1/functions/addToIndex {"updateMask":"sourceUploadUrl,name,labels,runtime,environmentVariables,eventTrigger.resource,eventTrigger.eventType,eventTrigger.service,eventTrigger.failurePolicy"} 
 {"sourceUploadUrl":"https://storage.googleapis.com/gcf-upload-us-central1-1b062084-540e-43e0-aa8b-afe832919d16/4078ccf1-580c-44dd-b4aa-57e25f55c5fc.zip?GoogleAccessId=service-343609887148@gcf-admin-robot.iam.gserviceaccount.com&Expires=1613957066&Signature=Q6CTvR%2Fbv7mesqFpYDWioiDFyk7msr6FaoXlHPykkw8x8lhB5E4NsLbXDstyEbAf%2FkjGSYk9TxKAJ4sBuQnzEP3pT97%2FHKfi%2F%2F90qausj8RWvPouxy52EB%2FFhyLKV2PH2vsZEvAmSQ2keo49m1bfGUl73cDhJLHVWJUuRSsLxcBb62vUurNQq2nkCdC%2By2F2Mi62FramSrSAe9ce9n5epOl5BiUDbvcnzcoWee9z4AKCaPVYftBahi%2FWLfv876R0reg0tvnFhB559%2B%2BaxK9IBHbvK81zgbzVoxB0RAd3%2Bd9WUg1%2B%2FDkk6fvmlwYp3VavcLwK8M5TFjSmehHgh56BqA%3D%3D","name":"projects/woof-95250/locations/us-central1/functions/addToIndex","labels":{"deployment-tool":"cli-firebase"},"eventTrigger":{"resource":"projects/woof-95250/databases/(default)/documents/classes/{classesId}/videos/{videosId}/comments/{commentsId}","eventType":"providers/cloud.firestore/eventTypes/document.create","service":"firestore.googleapis.com"},"runtime":"nodejs10","environmentVariables":{"FIREBASE_CONFIG":"{\"projectId\":\"woof-95250\",\"databaseURL\":\"https://woof-95250-default-rtdb.firebaseio.com\",\"storageBucket\":\"woof-95250.appspot.com\",\"locationId\":\"us-central\"}"}}
[debug] [2021-02-22T00:57:36.874Z] <<< HTTP RESPONSE 200 {"content-type":"application/json; charset=UTF-8","vary":"X-Origin, Referer, Origin,Accept-Encoding","date":"Mon, 22 Feb 2021 00:57:36 GMT","server":"ESF","cache-control":"private","x-xss-protection":"0","x-frame-options":"SAMEORIGIN","x-content-type-options":"nosniff","alt-svc":"h3-29=\":443\"; ma=2592000,h3-T051=\":443\"; ma=2592000,h3-Q050=\":443\"; ma=2592000,h3-Q046=\":443\"; ma=2592000,h3-Q043=\":443\"; ma=2592000,quic=\":443\"; ma=2592000; v=\"46,43\"","accept-ranges":"none","transfer-encoding":"chunked"}
[debug] [2021-02-22T00:57:36.876Z] > refreshing access token with scopes: []
[debug] [2021-02-22T00:57:36.876Z] >>> HTTP REQUEST POST https://www.googleapis.com/oauth2/v3/token  
 <request body omitted>
[debug] [2021-02-22T00:57:37.116Z] <<< HTTP RESPONSE 200 {"date":"Mon, 22 Feb 2021 00:57:37 GMT","expires":"Mon, 01 Jan 1990 00:00:00 GMT","pragma":"no-cache","cache-control":"no-cache, no-store, max-age=0, must-revalidate","content-type":"application/json; charset=utf-8","vary":"X-Origin, Referer, Origin,Accept-Encoding","server":"scaffolding on HTTPServer2","x-xss-protection":"0","x-frame-options":"SAMEORIGIN","x-content-type-options":"nosniff","alt-svc":"h3-29=\":443\"; ma=2592000,h3-T051=\":443\"; ma=2592000,h3-Q050=\":443\"; ma=2592000,h3-Q046=\":443\"; ma=2592000,h3-Q043=\":443\"; ma=2592000,quic=\":443\"; ma=2592000; v=\"46,43\"","accept-ranges":"none","transfer-encoding":"chunked"}
[debug] [2021-02-22T00:57:37.157Z] >>> [apiv2][query] GET https://cloudfunctions.googleapis.com/v1/operations/d29vZi05NTI1MC91cy1jZW50cmFsMS9hZGRUb0luZGV4LzdqUlRQdmJSLUtF [none]
[debug] [2021-02-22T00:57:37.541Z] <<< [apiv2][status] GET https://cloudfunctions.googleapis.com/v1/operations/d29vZi05NTI1MC91cy1jZW50cmFsMS9hZGRUb0luZGV4LzdqUlRQdmJSLUtF 200
[debug] [2021-02-22T00:57:37.541Z] <<< [apiv2][body] GET https://cloudfunctions.googleapis.com/v1/operations/d29vZi05NTI1MC91cy1jZW50cmFsMS9hZGRUb0luZGV4LzdqUlRQdmJSLUtF {"name":"operations/d29vZi05NTI1MC91cy1jZW50cmFsMS9hZGRUb0luZGV4LzdqUlRQdmJSLUtF","metadata":{"@type":"type.googleapis.com/google.cloud.functions.v1.OperationMetadataV1","target":"projects/woof-95250/locations/us-central1/functions/addToIndex","type":"UPDATE_FUNCTION","request":{"@type":"type.googleapis.com/google.cloud.functions.v1.CloudFunction","name":"projects/woof-95250/locations/us-central1/functions/addToIndex","eventTrigger":{"eventType":"providers/cloud.firestore/eventTypes/document.create","resource":"projects/woof-95250/databases/(default)/documents/classes/{classesId}/videos/{videosId}/comments/{commentsId}","service":"firestore.googleapis.com"},"status":"ACTIVE","entryPoint":"addToIndex","timeout":"60s","availableMemoryMb":256,"serviceAccountEmail":"woof-95250@appspot.gserviceaccount.com","updateTime":"2021-02-22T00:32:16.965Z","versionId":"6","labels":{"deployment-tool":"cli-firebase"},"sourceUploadUrl":"https://storage.googleapis.com/gcf-upload-us-central1-1b062084-540e-43e0-aa8b-afe832919d16/4078ccf1-580c-44dd-b4aa-57e25f55c5fc.zip?GoogleAccessId=service-343609887148@gcf-admin-robot.iam.gserviceaccount.com&Expires=1613957066&Signature=Q6CTvR%2Fbv7mesqFpYDWioiDFyk7msr6FaoXlHPykkw8x8lhB5E4NsLbXDstyEbAf%2FkjGSYk9TxKAJ4sBuQnzEP3pT97%2FHKfi%2F%2F90qausj8RWvPouxy52EB%2FFhyLKV2PH2vsZEvAmSQ2keo49m1bfGUl73cDhJLHVWJUuRSsLxcBb62vUurNQq2nkCdC%2By2F2Mi62FramSrSAe9ce9n5epOl5BiUDbvcnzcoWee9z4AKCaPVYftBahi%2FWLfv876R0reg0tvnFhB559%2B%2BaxK9IBHbvK81zgbzVoxB0RAd3%2Bd9WUg1%2B%2FDkk6fvmlwYp3VavcLwK8M5TFjSmehHgh56BqA%3D%3D","environmentVariables":{"FIREBASE_CONFIG":"{\"projectId\":\"woof-95250\",\"databaseURL\":\"https://woof-95250-default-rtdb.firebaseio.com\",\"storageBucket\":\"woof-95250.appspot.com\",\"locationId\":\"us-central\"}"},"runtime":"nodejs10","ingressSettings":"ALLOW_ALL","buildId":"238dec04-adfb-444c-9573-9cda4cbc0901"},"versionId":"7","updateTime":"2021-02-22T00:57:36Z","buildId":"cc27c58a-9d52-4e2c-a2b2-fdc29bba6748"}}
[debug] [2021-02-22T00:57:38.054Z] [update-projects/woof-95250/locations/us-central1/functions/addToIndex] Retrying task index 0
[debug] [2021-02-22T00:57:38.055Z] >>> [apiv2][query] GET https://cloudfunctions.googleapis.com/v1/operations/d29vZi05NTI1MC91cy1jZW50cmFsMS9hZGRUb0luZGV4LzdqUlRQdmJSLUtF [none]
[debug] [2021-02-22T00:57:38.569Z] <<< [apiv2][status] GET https://cloudfunctions.googleapis.com/v1/operations/d29vZi05NTI1MC91cy1jZW50cmFsMS9hZGRUb0luZGV4LzdqUlRQdmJSLUtF 200
[debug] [2021-02-22T00:57:38.569Z] <<< [apiv2][body] GET https://cloudfunctions.googleapis.com/v1/operations/d29vZi05NTI1MC91cy1jZW50cmFsMS9hZGRUb0luZGV4LzdqUlRQdmJSLUtF {"name":"operations/d29vZi05NTI1MC91cy1jZW50cmFsMS9hZGRUb0luZGV4LzdqUlRQdmJSLUtF","metadata":{"@type":"type.googleapis.com/google.cloud.functions.v1.OperationMetadataV1","target":"projects/woof-95250/locations/us-central1/functions/addToIndex","type":"UPDATE_FUNCTION","request":{"@type":"type.googleapis.com/google.cloud.functions.v1.CloudFunction","name":"projects/woof-95250/locations/us-central1/functions/addToIndex","eventTrigger":{"eventType":"providers/cloud.firestore/eventTypes/document.create","resource":"projects/woof-95250/databases/(default)/documents/classes/{classesId}/videos/{videosId}/comments/{commentsId}","service":"firestore.googleapis.com"},"status":"ACTIVE","entryPoint":"addToIndex","timeout":"60s","availableMemoryMb":256,"serviceAccountEmail":"woof-95250@appspot.gserviceaccount.com","updateTime":"2021-02-22T00:32:16.965Z","versionId":"6","labels":{"deployment-tool":"cli-firebase"},"sourceUploadUrl":"https://storage.googleapis.com/gcf-upload-us-central1-1b062084-540e-43e0-aa8b-afe832919d16/4078ccf1-580c-44dd-b4aa-57e25f55c5fc.zip?GoogleAccessId=service-343609887148@gcf-admin-robot.iam.gserviceaccount.com&Expires=1613957066&Signature=Q6CTvR%2Fbv7mesqFpYDWioiDFyk7msr6FaoXlHPykkw8x8lhB5E4NsLbXDstyEbAf%2FkjGSYk9TxKAJ4sBuQnzEP3pT97%2FHKfi%2F%2F90qausj8RWvPouxy52EB%2FFhyLKV2PH2vsZEvAmSQ2keo49m1bfGUl73cDhJLHVWJUuRSsLxcBb62vUurNQq2nkCdC%2By2F2Mi62FramSrSAe9ce9n5epOl5BiUDbvcnzcoWee9z4AKCaPVYftBahi%2FWLfv876R0reg0tvnFhB559%2B%2BaxK9IBHbvK81zgbzVoxB0RAd3%2Bd9WUg1%2B%2FDkk6fvmlwYp3VavcLwK8M5TFjSmehHgh56BqA%3D%3D","environmentVariables":{"FIREBASE_CONFIG":"{\"projectId\":\"woof-95250\",\"databaseURL\":\"https://woof-95250-default-rtdb.firebaseio.com\",\"storageBucket\":\"woof-95250.appspot.com\",\"locationId\":\"us-central\"}"},"runtime":"nodejs10","ingressSettings":"ALLOW_ALL","buildId":"238dec04-adfb-444c-9573-9cda4cbc0901"},"versionId":"7","updateTime":"2021-02-22T00:57:36Z","buildId":"cc27c58a-9d52-4e2c-a2b2-fdc29bba6748"}}
[debug] [2021-02-22T00:57:39.569Z] [update-projects/woof-95250/locations/us-central1/functions/addToIndex] Retrying task index 0
[debug] [2021-02-22T00:57:39.570Z] >>> [apiv2][query] GET https://cloudfunctions.googleapis.com/v1/operations/d29vZi05NTI1MC91cy1jZW50cmFsMS9hZGRUb0luZGV4LzdqUlRQdmJSLUtF [none]
[debug] [2021-02-22T00:57:39.861Z] <<< [apiv2][status] GET https://cloudfunctions.googleapis.com/v1/operations/d29vZi05NTI1MC91cy1jZW50cmFsMS9hZGRUb0luZGV4LzdqUlRQdmJSLUtF 200
[debug] [2021-02-22T00:57:39.862Z] <<< [apiv2][body] GET https://cloudfunctions.googleapis.com/v1/operations/d29vZi05NTI1MC91cy1jZW50cmFsMS9hZGRUb0luZGV4LzdqUlRQdmJSLUtF {"name":"operations/d29vZi05NTI1MC91cy1jZW50cmFsMS9hZGRUb0luZGV4LzdqUlRQdmJSLUtF","metadata":{"@type":"type.googleapis.com/google.cloud.functions.v1.OperationMetadataV1","target":"projects/woof-95250/locations/us-central1/functions/addToIndex","type":"UPDATE_FUNCTION","request":{"@type":"type.googleapis.com/google.cloud.functions.v1.CloudFunction","name":"projects/woof-95250/locations/us-central1/functions/addToIndex","eventTrigger":{"eventType":"providers/cloud.firestore/eventTypes/document.create","resource":"projects/woof-95250/databases/(default)/documents/classes/{classesId}/videos/{videosId}/comments/{commentsId}","service":"firestore.googleapis.com"},"status":"ACTIVE","entryPoint":"addToIndex","timeout":"60s","availableMemoryMb":256,"serviceAccountEmail":"woof-95250@appspot.gserviceaccount.com","updateTime":"2021-02-22T00:32:16.965Z","versionId":"6","labels":{"deployment-tool":"cli-firebase"},"sourceUploadUrl":"https://storage.googleapis.com/gcf-upload-us-central1-1b062084-540e-43e0-aa8b-afe832919d16/4078ccf1-580c-44dd-b4aa-57e25f55c5fc.zip?GoogleAccessId=service-343609887148@gcf-admin-robot.iam.gserviceaccount.com&Expires=1613957066&Signature=Q6CTvR%2Fbv7mesqFpYDWioiDFyk7msr6FaoXlHPykkw8x8lhB5E4NsLbXDstyEbAf%2FkjGSYk9TxKAJ4sBuQnzEP3pT97%2FHKfi%2F%2F90qausj8RWvPouxy52EB%2FFhyLKV2PH2vsZEvAmSQ2keo49m1bfGUl73cDhJLHVWJUuRSsLxcBb62vUurNQq2nkCdC%2By2F2Mi62FramSrSAe9ce9n5epOl5BiUDbvcnzcoWee9z4AKCaPVYftBahi%2FWLfv876R0reg0tvnFhB559%2B%2BaxK9IBHbvK81zgbzVoxB0RAd3%2Bd9WUg1%2B%2FDkk6fvmlwYp3VavcLwK8M5TFjSmehHgh56BqA%3D%3D","environmentVariables":{"FIREBASE_CONFIG":"{\"projectId\":\"woof-95250\",\"databaseURL\":\"https://woof-95250-default-rtdb.firebaseio.com\",\"storageBucket\":\"woof-95250.appspot.com\",\"locationId\":\"us-central\"}"},"runtime":"nodejs10","ingressSettings":"ALLOW_ALL","buildId":"238dec04-adfb-444c-9573-9cda4cbc0901"},"versionId":"7","updateTime":"2021-02-22T00:57:36Z","buildId":"cc27c58a-9d52-4e2c-a2b2-fdc29bba6748"}}
[debug] [2021-02-22T00:57:41.864Z] [update-projects/woof-95250/locations/us-central1/functions/addToIndex] Retrying task index 0
[debug] [2021-02-22T00:57:41.865Z] >>> [apiv2][query] GET https://cloudfunctions.googleapis.com/v1/operations/d29vZi05NTI1MC91cy1jZW50cmFsMS9hZGRUb0luZGV4LzdqUlRQdmJSLUtF [none]
[debug] [2021-02-22T00:57:42.098Z] <<< [apiv2][status] GET https://cloudfunctions.googleapis.com/v1/operations/d29vZi05NTI1MC91cy1jZW50cmFsMS9hZGRUb0luZGV4LzdqUlRQdmJSLUtF 200
[debug] [2021-02-22T00:57:42.098Z] <<< [apiv2][body] GET https://cloudfunctions.googleapis.com/v1/operations/d29vZi05NTI1MC91cy1jZW50cmFsMS9hZGRUb0luZGV4LzdqUlRQdmJSLUtF {"name":"operations/d29vZi05NTI1MC91cy1jZW50cmFsMS9hZGRUb0luZGV4LzdqUlRQdmJSLUtF","metadata":{"@type":"type.googleapis.com/google.cloud.functions.v1.OperationMetadataV1","target":"projects/woof-95250/locations/us-central1/functions/addToIndex","type":"UPDATE_FUNCTION","request":{"@type":"type.googleapis.com/google.cloud.functions.v1.CloudFunction","name":"projects/woof-95250/locations/us-central1/functions/addToIndex","eventTrigger":{"eventType":"providers/cloud.firestore/eventTypes/document.create","resource":"projects/woof-95250/databases/(default)/documents/classes/{classesId}/videos/{videosId}/comments/{commentsId}","service":"firestore.googleapis.com"},"status":"ACTIVE","entryPoint":"addToIndex","timeout":"60s","availableMemoryMb":256,"serviceAccountEmail":"woof-95250@appspot.gserviceaccount.com","updateTime":"2021-02-22T00:32:16.965Z","versionId":"6","labels":{"deployment-tool":"cli-firebase"},"sourceUploadUrl":"https://storage.googleapis.com/gcf-upload-us-central1-1b062084-540e-43e0-aa8b-afe832919d16/4078ccf1-580c-44dd-b4aa-57e25f55c5fc.zip?GoogleAccessId=service-343609887148@gcf-admin-robot.iam.gserviceaccount.com&Expires=1613957066&Signature=Q6CTvR%2Fbv7mesqFpYDWioiDFyk7msr6FaoXlHPykkw8x8lhB5E4NsLbXDstyEbAf%2FkjGSYk9TxKAJ4sBuQnzEP3pT97%2FHKfi%2F%2F90qausj8RWvPouxy52EB%2FFhyLKV2PH2vsZEvAmSQ2keo49m1bfGUl73cDhJLHVWJUuRSsLxcBb62vUurNQq2nkCdC%2By2F2Mi62FramSrSAe9ce9n5epOl5BiUDbvcnzcoWee9z4AKCaPVYftBahi%2FWLfv876R0reg0tvnFhB559%2B%2BaxK9IBHbvK81zgbzVoxB0RAd3%2Bd9WUg1%2B%2FDkk6fvmlwYp3VavcLwK8M5TFjSmehHgh56BqA%3D%3D","environmentVariables":{"FIREBASE_CONFIG":"{\"projectId\":\"woof-95250\",\"databaseURL\":\"https://woof-95250-default-rtdb.firebaseio.com\",\"storageBucket\":\"woof-95250.appspot.com\",\"locationId\":\"us-central\"}"},"runtime":"nodejs10","ingressSettings":"ALLOW_ALL","buildId":"238dec04-adfb-444c-9573-9cda4cbc0901"},"versionId":"7","updateTime":"2021-02-22T00:57:36Z","buildId":"cc27c58a-9d52-4e2c-a2b2-fdc29bba6748"}}
